# JRE version: OpenJDK Runtime Environment (8.0_242-b01) (build 1.8.0_242-release-1644-b01)
# Java VM: OpenJDK 64-Bit Server VM (25.242-b01 mixed mode windows-amd64 compressed oops)
Heap:
 PSYoungGen      total 370176K, used 28953K [0x00000000e0000000, 0x00000000fc180000, 0x0000000100000000)
  eden space 321536K, 7% used [0x00000000e0000000,0x00000000e18423f8,0x00000000f3a00000)
  from space 48640K, 8% used [0x00000000f6a80000,0x00000000f6e843a8,0x00000000f9a00000)
  to   space 49664K, 0% used [0x00000000f3a00000,0x00000000f3a00000,0x00000000f6a80000)
 ParOldGen       total 239616K, used 206756K [0x00000000a0000000, 0x00000000aea00000, 0x00000000e0000000)
  object space 239616K, 86% used [0x00000000a0000000,0x00000000ac9e9070,0x00000000aea00000)
 Metaspace       used 101395K, capacity 106584K, committed 106904K, reserved 1142784K
  class space    used 13438K, capacity 14421K, committed 14512K, reserved 1048576K
GC Heap History (10 events):
Event: 182.877 GC heap before
{Heap before GC invocations=28 (full 4):
 PSYoungGen      total 285184K, used 250659K [0x00000000e0000000, 0x00000000f7300000, 0x0000000100000000)
  eden space 227840K, 100% used [0x00000000e0000000,0x00000000ede80000,0x00000000ede80000)
  from space 57344K, 39% used [0x00000000ede80000,0x00000000ef4c8da8,0x00000000f1680000)
  to   space 54272K, 0% used [0x00000000f3e00000,0x00000000f3e00000,0x00000000f7300000)
 ParOldGen       total 239616K, used 175537K [0x00000000a0000000, 0x00000000aea00000, 0x00000000e0000000)
  object space 239616K, 73% used [0x00000000a0000000,0x00000000aab6c490,0x00000000aea00000)
 Metaspace       used 101014K, capacity 106236K, committed 106392K, reserved 1140736K
  class space    used 13421K, capacity 14411K, committed 14512K, reserved 1048576K
Event: 183.087 GC heap after
Heap after GC invocations=28 (full 4):
 PSYoungGen      total 327168K, used 26431K [0x00000000e0000000, 0x00000000f7580000, 0x0000000100000000)
  eden space 272896K, 0% used [0x00000000e0000000,0x00000000e0000000,0x00000000f0a80000)
  from space 54272K, 48% used [0x00000000f3e00000,0x00000000f57cff00,0x00000000f7300000)
  to   space 52736K, 0% used [0x00000000f0a80000,0x00000000f0a80000,0x00000000f3e00000)
 ParOldGen       total 239616K, used 175545K [0x00000000a0000000, 0x00000000aea00000, 0x00000000e0000000)
  object space 239616K, 73% used [0x00000000a0000000,0x00000000aab6e490,0x00000000aea00000)
 Metaspace       used 101014K, capacity 106236K, committed 106392K, reserved 1140736K
  class space    used 13421K, capacity 14411K, committed 14512K, reserved 1048576K
}
Event: 186.734 GC heap before
{Heap before GC invocations=29 (full 4):
 PSYoungGen      total 327168K, used 299327K [0x00000000e0000000, 0x00000000f7580000, 0x0000000100000000)
  eden space 272896K, 100% used [0x00000000e0000000,0x00000000f0a80000,0x00000000f0a80000)
  from space 54272K, 48% used [0x00000000f3e00000,0x00000000f57cff00,0x00000000f7300000)
  to   space 52736K, 0% used [0x00000000f0a80000,0x00000000f0a80000,0x00000000f3e00000)
 ParOldGen       total 239616K, used 175545K [0x00000000a0000000, 0x00000000aea00000, 0x00000000e0000000)
  object space 239616K, 73% used [0x00000000a0000000,0x00000000aab6e490,0x00000000aea00000)
 Metaspace       used 101197K, capacity 106412K, committed 106648K, reserved 1140736K
  class space    used 13431K, capacity 14417K, committed 14512K, reserved 1048576K
Event: 187.082 GC heap after
Heap after GC invocations=29 (full 4):
 PSYoungGen      total 325632K, used 15147K [0x00000000e0000000, 0x00000000f9c00000, 0x0000000100000000)
  eden space 272896K, 0% used [0x00000000e0000000,0x00000000e0000000,0x00000000f0a80000)
  from space 52736K, 28% used [0x00000000f0a80000,0x00000000f194ac88,0x00000000f3e00000)
  to   space 50688K, 0% used [0x00000000f6a80000,0x00000000f6a80000,0x00000000f9c00000)
 ParOldGen       total 239616K, used 191454K [0x00000000a0000000, 0x00000000aea00000, 0x00000000e0000000)
  object space 239616K, 79% used [0x00000000a0000000,0x00000000abaf7bd8,0x00000000aea00000)
 Metaspace       used 101197K, capacity 106412K, committed 106648K, reserved 1140736K
  class space    used 13431K, capacity 14417K, committed 14512K, reserved 1048576K
}
Event: 188.772 GC heap before
{Heap before GC invocations=30 (full 4):
 PSYoungGen      total 325632K, used 288043K [0x00000000e0000000, 0x00000000f9c00000, 0x0000000100000000)
  eden space 272896K, 100% used [0x00000000e0000000,0x00000000f0a80000,0x00000000f0a80000)
  from space 52736K, 28% used [0x00000000f0a80000,0x00000000f194ac88,0x00000000f3e00000)
  to   space 50688K, 0% used [0x00000000f6a80000,0x00000000f6a80000,0x00000000f9c00000)
 ParOldGen       total 239616K, used 191454K [0x00000000a0000000, 0x00000000aea00000, 0x00000000e0000000)
  object space 239616K, 79% used [0x00000000a0000000,0x00000000abaf7bd8,0x00000000aea00000)
 Metaspace       used 101268K, capacity 106490K, committed 106648K, reserved 1140736K
  class space    used 13435K, capacity 14418K, committed 14512K, reserved 1048576K
Event: 188.817 GC heap after
Heap after GC invocations=30 (full 4):
 PSYoungGen      total 366080K, used 2432K [0x00000000e0000000, 0x00000000f9a00000, 0x0000000100000000)
  eden space 317440K, 0% used [0x00000000e0000000,0x00000000e0000000,0x00000000f3600000)
  from space 48640K, 5% used [0x00000000f6a80000,0x00000000f6ce0000,0x00000000f9a00000)
  to   space 51200K, 0% used [0x00000000f3600000,0x00000000f3600000,0x00000000f6800000)
 ParOldGen       total 239616K, used 202180K [0x00000000a0000000, 0x00000000aea00000, 0x00000000e0000000)
  object space 239616K, 84% used [0x00000000a0000000,0x00000000ac571308,0x00000000aea00000)
 Metaspace       used 101268K, capacity 106490K, committed 106648K, reserved 1140736K
  class space    used 13435K, capacity 14418K, committed 14512K, reserved 1048576K
}
Event: 190.791 GC heap before
{Heap before GC invocations=31 (full 4):
 PSYoungGen      total 366080K, used 319872K [0x00000000e0000000, 0x00000000f9a00000, 0x0000000100000000)
  eden space 317440K, 100% used [0x00000000e0000000,0x00000000f3600000,0x00000000f3600000)
  from space 48640K, 5% used [0x00000000f6a80000,0x00000000f6ce0000,0x00000000f9a00000)
  to   space 51200K, 0% used [0x00000000f3600000,0x00000000f3600000,0x00000000f6800000)
 ParOldGen       total 239616K, used 202180K [0x00000000a0000000, 0x00000000aea00000, 0x00000000e0000000)
  object space 239616K, 84% used [0x00000000a0000000,0x00000000ac571308,0x00000000aea00000)
 Metaspace       used 101379K, capacity 106576K, committed 106904K, reserved 1142784K
  class space    used 13438K, capacity 14421K, committed 14512K, reserved 1048576K
Event: 190.827 GC heap after
Heap after GC invocations=31 (full 4):
 PSYoungGen      total 368640K, used 5552K [0x00000000e0000000, 0x00000000f9a00000, 0x0000000100000000)
  eden space 317440K, 0% used [0x00000000e0000000,0x00000000e0000000,0x00000000f3600000)
  from space 51200K, 10% used [0x00000000f3600000,0x00000000f3b6c008,0x00000000f6800000)
  to   space 48640K, 0% used [0x00000000f6a80000,0x00000000f6a80000,0x00000000f9a00000)
 ParOldGen       total 239616K, used 203676K [0x00000000a0000000, 0x00000000aea00000, 0x00000000e0000000)
  object space 239616K, 85% used [0x00000000a0000000,0x00000000ac6e7308,0x00000000aea00000)
 Metaspace       used 101379K, capacity 106576K, committed 106904K, reserved 1142784K
  class space    used 13438K, capacity 14421K, committed 14512K, reserved 1048576K
}
Event: 192.923 GC heap before
{Heap before GC invocations=32 (full 4):
 PSYoungGen      total 368640K, used 322992K [0x00000000e0000000, 0x00000000f9a00000, 0x0000000100000000)
  eden space 317440K, 100% used [0x00000000e0000000,0x00000000f3600000,0x00000000f3600000)
  from space 51200K, 10% used [0x00000000f3600000,0x00000000f3b6c008,0x00000000f6800000)
  to   space 48640K, 0% used [0x00000000f6a80000,0x00000000f6a80000,0x00000000f9a00000)
 ParOldGen       total 239616K, used 203676K [0x00000000a0000000, 0x00000000aea00000, 0x00000000e0000000)
  object space 239616K, 85% used [0x00000000a0000000,0x00000000ac6e7308,0x00000000aea00000)
 Metaspace       used 101394K, capacity 106584K, committed 106904K, reserved 1142784K
  class space    used 13438K, capacity 14421K, committed 14512K, reserved 1048576K
Event: 192.957 GC heap after
Heap after GC invocations=32 (full 4):
 PSYoungGen      total 370176K, used 4112K [0x00000000e0000000, 0x00000000fc180000, 0x0000000100000000)
  eden space 321536K, 0% used [0x00000000e0000000,0x00000000e0000000,0x00000000f3a00000)
  from space 48640K, 8% used [0x00000000f6a80000,0x00000000f6e843a8,0x00000000f9a00000)
  to   space 49664K, 0% used [0x00000000f3a00000,0x00000000f3a00000,0x00000000f6a80000)
 ParOldGen       total 239616K, used 206756K [0x00000000a0000000, 0x00000000aea00000, 0x00000000e0000000)
  object space 239616K, 86% used [0x00000000a0000000,0x00000000ac9e9070,0x00000000aea00000)
 Metaspace       used 101394K, capacity 106584K, committed 106904K, reserved 1142784K
  class space    used 13438K, capacity 14421K, committed 14512K, reserved 1048576K
}

