# JRE version: OpenJDK Runtime Environment (8.0_242-b01) (build 1.8.0_242-release-1644-b01)
# Java VM: OpenJDK 64-Bit Server VM (25.242-b01 mixed mode windows-amd64 compressed oops)
Heap:
 PSYoungGen      total 446976K, used 349149K [0x00000000e0000000, 0x00000000feb00000, 0x0000000100000000)
  eden space 395264K, 87% used [0x00000000e0000000,0x00000000f505dba8,0x00000000f8200000)
  from space 51712K, 9% used [0x00000000fb700000,0x00000000fbb998b0,0x00000000fe980000)
  to   space 53760K, 0% used [0x00000000f8200000,0x00000000f8200000,0x00000000fb680000)
 ParOldGen       total 193024K, used 114674K [0x00000000a0000000, 0x00000000abc80000, 0x00000000e0000000)
  object space 193024K, 59% used [0x00000000a0000000,0x00000000a6ffc990,0x00000000abc80000)
 Metaspace       used 83735K, capacity 87954K, committed 88216K, reserved 1126400K
  class space    used 11294K, capacity 12105K, committed 12208K, reserved 1048576K
GC Heap History (10 events):
Event: 131.458 GC heap before
{Heap before GC invocations=46 (full 4):
 PSYoungGen      total 413696K, used 394762K [0x00000000e0000000, 0x00000000fe000000, 0x0000000100000000)
  eden space 355328K, 100% used [0x00000000e0000000,0x00000000f5b00000,0x00000000f5b00000)
  from space 58368K, 67% used [0x00000000f5b00000,0x00000000f8182a80,0x00000000f9400000)
  to   space 59392K, 0% used [0x00000000fa600000,0x00000000fa600000,0x00000000fe000000)
 ParOldGen       total 193024K, used 101037K [0x00000000a0000000, 0x00000000abc80000, 0x00000000e0000000)
  object space 193024K, 52% used [0x00000000a0000000,0x00000000a62ab4e0,0x00000000abc80000)
 Metaspace       used 83649K, capacity 87942K, committed 88216K, reserved 1126400K
  class space    used 11292K, capacity 12105K, committed 12208K, reserved 1048576K
Event: 131.544 GC heap after
Heap after GC invocations=46 (full 4):
 PSYoungGen      total 430080K, used 34525K [0x00000000e0000000, 0x00000000fdd80000, 0x0000000100000000)
  eden space 373248K, 0% used [0x00000000e0000000,0x00000000e0000000,0x00000000f6c80000)
  from space 56832K, 60% used [0x00000000fa600000,0x00000000fc7b74e8,0x00000000fdd80000)
  to   space 57856K, 0% used [0x00000000f6c80000,0x00000000f6c80000,0x00000000fa500000)
 ParOldGen       total 193024K, used 102807K [0x00000000a0000000, 0x00000000abc80000, 0x00000000e0000000)
  object space 193024K, 53% used [0x00000000a0000000,0x00000000a6465ee0,0x00000000abc80000)
 Metaspace       used 83649K, capacity 87942K, committed 88216K, reserved 1126400K
  class space    used 11292K, capacity 12105K, committed 12208K, reserved 1048576K
}
Event: 133.755 GC heap before
{Heap before GC invocations=47 (full 4):
 PSYoungGen      total 430080K, used 407773K [0x00000000e0000000, 0x00000000fdd80000, 0x0000000100000000)
  eden space 373248K, 100% used [0x00000000e0000000,0x00000000f6c80000,0x00000000f6c80000)
  from space 56832K, 60% used [0x00000000fa600000,0x00000000fc7b74e8,0x00000000fdd80000)
  to   space 57856K, 0% used [0x00000000f6c80000,0x00000000f6c80000,0x00000000fa500000)
 ParOldGen       total 193024K, used 102807K [0x00000000a0000000, 0x00000000abc80000, 0x00000000e0000000)
  object space 193024K, 53% used [0x00000000a0000000,0x00000000a6465ee0,0x00000000abc80000)
 Metaspace       used 83651K, capacity 87942K, committed 88216K, reserved 1126400K
  class space    used 11292K, capacity 12105K, committed 12208K, reserved 1048576K
Event: 133.873 GC heap after
Heap after GC invocations=47 (full 4):
 PSYoungGen      total 431104K, used 26399K [0x00000000e0000000, 0x00000000fdd80000, 0x0000000100000000)
  eden space 373248K, 0% used [0x00000000e0000000,0x00000000e0000000,0x00000000f6c80000)
  from space 57856K, 45% used [0x00000000f6c80000,0x00000000f8647f88,0x00000000fa500000)
  to   space 56832K, 0% used [0x00000000fa600000,0x00000000fa600000,0x00000000fdd80000)
 ParOldGen       total 193024K, used 112264K [0x00000000a0000000, 0x00000000abc80000, 0x00000000e0000000)
  object space 193024K, 58% used [0x00000000a0000000,0x00000000a6da2238,0x00000000abc80000)
 Metaspace       used 83651K, capacity 87942K, committed 88216K, reserved 1126400K
  class space    used 11292K, capacity 12105K, committed 12208K, reserved 1048576K
}
Event: 136.129 GC heap before
{Heap before GC invocations=48 (full 4):
 PSYoungGen      total 431104K, used 399647K [0x00000000e0000000, 0x00000000fdd80000, 0x0000000100000000)
  eden space 373248K, 100% used [0x00000000e0000000,0x00000000f6c80000,0x00000000f6c80000)
  from space 57856K, 45% used [0x00000000f6c80000,0x00000000f8647f88,0x00000000fa500000)
  to   space 56832K, 0% used [0x00000000fa600000,0x00000000fa600000,0x00000000fdd80000)
 ParOldGen       total 193024K, used 112264K [0x00000000a0000000, 0x00000000abc80000, 0x00000000e0000000)
  object space 193024K, 58% used [0x00000000a0000000,0x00000000a6da2238,0x00000000abc80000)
 Metaspace       used 83669K, capacity 87942K, committed 88216K, reserved 1126400K
  class space    used 11292K, capacity 12105K, committed 12208K, reserved 1048576K
Event: 136.226 GC heap after
Heap after GC invocations=48 (full 4):
 PSYoungGen      total 435200K, used 31503K [0x00000000e0000000, 0x00000000fe900000, 0x0000000100000000)
  eden space 378368K, 0% used [0x00000000e0000000,0x00000000e0000000,0x00000000f7180000)
  from space 56832K, 55% used [0x00000000fa600000,0x00000000fc4c3d80,0x00000000fdd80000)
  to   space 53760K, 0% used [0x00000000f7180000,0x00000000f7180000,0x00000000fa600000)
 ParOldGen       total 193024K, used 113674K [0x00000000a0000000, 0x00000000abc80000, 0x00000000e0000000)
  object space 193024K, 58% used [0x00000000a0000000,0x00000000a6f02980,0x00000000abc80000)
 Metaspace       used 83669K, capacity 87942K, committed 88216K, reserved 1126400K
  class space    used 11292K, capacity 12105K, committed 12208K, reserved 1048576K
}
Event: 138.094 GC heap before
{Heap before GC invocations=49 (full 4):
 PSYoungGen      total 435200K, used 409871K [0x00000000e0000000, 0x00000000fe900000, 0x0000000100000000)
  eden space 378368K, 100% used [0x00000000e0000000,0x00000000f7180000,0x00000000f7180000)
  from space 56832K, 55% used [0x00000000fa600000,0x00000000fc4c3d80,0x00000000fdd80000)
  to   space 53760K, 0% used [0x00000000f7180000,0x00000000f7180000,0x00000000fa600000)
 ParOldGen       total 193024K, used 113674K [0x00000000a0000000, 0x00000000abc80000, 0x00000000e0000000)
  object space 193024K, 58% used [0x00000000a0000000,0x00000000a6f02980,0x00000000abc80000)
 Metaspace       used 83672K, capacity 87942K, committed 88216K, reserved 1126400K
  class space    used 11292K, capacity 12105K, committed 12208K, reserved 1048576K
Event: 138.149 GC heap after
Heap after GC invocations=49 (full 4):
 PSYoungGen      total 432128K, used 29901K [0x00000000e0000000, 0x00000000fe980000, 0x0000000100000000)
  eden space 378368K, 0% used [0x00000000e0000000,0x00000000e0000000,0x00000000f7180000)
  from space 53760K, 55% used [0x00000000f7180000,0x00000000f8eb36f0,0x00000000fa600000)
  to   space 51712K, 0% used [0x00000000fb700000,0x00000000fb700000,0x00000000fe980000)
 ParOldGen       total 193024K, used 114386K [0x00000000a0000000, 0x00000000abc80000, 0x00000000e0000000)
  object space 193024K, 59% used [0x00000000a0000000,0x00000000a6fb4980,0x00000000abc80000)
 Metaspace       used 83672K, capacity 87942K, committed 88216K, reserved 1126400K
  class space    used 11292K, capacity 12105K, committed 12208K, reserved 1048576K
}
Event: 141.875 GC heap before
{Heap before GC invocations=50 (full 4):
 PSYoungGen      total 432128K, used 408269K [0x00000000e0000000, 0x00000000fe980000, 0x0000000100000000)
  eden space 378368K, 100% used [0x00000000e0000000,0x00000000f7180000,0x00000000f7180000)
  from space 53760K, 55% used [0x00000000f7180000,0x00000000f8eb36f0,0x00000000fa600000)
  to   space 51712K, 0% used [0x00000000fb700000,0x00000000fb700000,0x00000000fe980000)
 ParOldGen       total 193024K, used 114386K [0x00000000a0000000, 0x00000000abc80000, 0x00000000e0000000)
  object space 193024K, 59% used [0x00000000a0000000,0x00000000a6fb4980,0x00000000abc80000)
 Metaspace       used 83698K, capacity 87942K, committed 88216K, reserved 1126400K
  class space    used 11293K, capacity 12105K, committed 12208K, reserved 1048576K
Event: 141.937 GC heap after
Heap after GC invocations=50 (full 4):
 PSYoungGen      total 446976K, used 4710K [0x00000000e0000000, 0x00000000feb00000, 0x0000000100000000)
  eden space 395264K, 0% used [0x00000000e0000000,0x00000000e0000000,0x00000000f8200000)
  from space 51712K, 9% used [0x00000000fb700000,0x00000000fbb998b0,0x00000000fe980000)
  to   space 53760K, 0% used [0x00000000f8200000,0x00000000f8200000,0x00000000fb680000)
 ParOldGen       total 193024K, used 114674K [0x00000000a0000000, 0x00000000abc80000, 0x00000000e0000000)
  object space 193024K, 59% used [0x00000000a0000000,0x00000000a6ffc990,0x00000000abc80000)
 Metaspace       used 83698K, capacity 87942K, committed 88216K, reserved 1126400K
  class space    used 11293K, capacity 12105K, committed 12208K, reserved 1048576K
}

